PhotoshopAssistant/app/build/outputs/logs/manifest-merger-debug-report.txt
-- Merging decision tree log ---
manifest
ADDED from src\main\AndroidManifest.xml:2:1-22:12
INJECTED from src\main\AndroidManifest.xml:2:1-22:12
INJECTED from src\main\AndroidManifest.xml:2:1-22:12
INJECTED from src\main\AndroidManifest.xml:2:1-22:12
MERGED from [com.adobe.creativesdk.foundation:assetux:0.9.2006-5] AndroidManifest.xml:2:1-85:12
MERGED from [com.adobe.creativesdk.foundation:assetcore:0.9.2006-5] AndroidManifest.xml:2:1-17:12
MERGED from [com.adobe.creativesdk.foundation:auth:0.9.2006-5] AndroidManifest.xml:2:1-52:12
MERGED from [com.android.support:design:26.0.1] AndroidManifest.xml:17:1-31:12
MERGED from [uk.co.chrisjenx:calligraphy:2.1.0] AndroidManifest.xml:2:1-13:12
MERGED from [com.android.support:appcompat-v7:26.0.1] AndroidManifest.xml:17:1-31:12
MERGED from [com.android.support.constraint:constraint-layout:1.1.3] AndroidManifest.xml:2:1-11:12
MERGED from [com.android.support:cardview-v7:26.0.1] AndroidManifest.xml:17:1-28:12
MERGED from [com.getbase:floatingactionbutton:1.9.0] AndroidManifest.xml:2:1-14:12
MERGED from [com.android.support:transition:26.0.1] AndroidManifest.xml:17:1-28:12
MERGED from [com.birbit:android-priority-jobqueue:2.0.1] AndroidManifest.xml:2:1-16:12
MERGED from [com.android.support:support-v4:26.0.1] AndroidManifest.xml:17:1-31:12
MERGED from [com.android.support:support-media-compat:26.0.1] AndroidManifest.xml:17:1-31:12
MERGED from [com.android.support:support-fragment:26.0.1] AndroidManifest.xml:17:1-31:12
MERGED from [com.android.support:support-core-utils:26.0.1] AndroidManifest.xml:17:1-31:12
MERGED from [com.timehop.stickyheadersrecyclerview:library:0.4.1] AndroidManifest.xml:2:1-14:12
MERGED from [com.android.support:recyclerview-v7:26.0.1] AndroidManifest.xml:17:1-28:12
MERGED from [com.android.support:animated-vector-drawable:26.0.1] AndroidManifest.xml:17:1-28:12
MERGED from [com.android.support:support-core-ui:26.0.1] AndroidManifest.xml:17:1-31:12
MERGED from [com.android.support:support-vector-drawable:26.0.1] AndroidManifest.xml:17:1-28:12
MERGED from [com.android.support:support-compat:26.0.1] AndroidManifest.xml:17:1-31:12
INJECTED from src\main\AndroidManifest.xml:2:1-22:12
INJECTED from src\main\AndroidManifest.xml:2:1-22:12
INJECTED from src\main\AndroidManifest.xml:2:1-22:12
	package
		ADDED from src\main\AndroidManifest.xml:3:5-45
		INJECTED from src\main\AndroidManifest.xml
		INJECTED from src\main\AndroidManifest.xml
	android:versionName
		INJECTED from src\main\AndroidManifest.xml
		ADDED from src\main\AndroidManifest.xml:2:1-22:12
		INJECTED from src\main\AndroidManifest.xml
	android:versionCode
		INJECTED from src\main\AndroidManifest.xml
		ADDED from src\main\AndroidManifest.xml:2:1-22:12
		INJECTED from src\main\AndroidManifest.xml
	xmlns:android
		ADDED from src\main\AndroidManifest.xml:2:11-69
application
ADDED from src\main\AndroidManifest.xml:5:5-20:19
MERGED from [com.adobe.creativesdk.foundation:assetux:0.9.2006-5] AndroidManifest.xml:18:5-83:19
MERGED from [com.adobe.creativesdk.foundation:assetux:0.9.2006-5] AndroidManifest.xml:18:5-83:19
MERGED from [com.adobe.creativesdk.foundation:auth:0.9.2006-5] AndroidManifest.xml:21:5-50:19
MERGED from [com.adobe.creativesdk.foundation:auth:0.9.2006-5] AndroidManifest.xml:21:5-50:19
MERGED from [com.android.support:design:26.0.1] AndroidManifest.xml:25:5-29:19
MERGED from [com.android.support:design:26.0.1] AndroidManifest.xml:25:5-29:19
MERGED from [uk.co.chrisjenx:calligraphy:2.1.0] AndroidManifest.xml:11:5-20
MERGED from [uk.co.chrisjenx:calligraphy:2.1.0] AndroidManifest.xml:11:5-20
MERGED from [com.android.support:appcompat-v7:26.0.1] AndroidManifest.xml:25:5-29:19
MERGED from [com.android.support:appcompat-v7:26.0.1] AndroidManifest.xml:25:5-29:19
MERGED from [com.android.support.constraint:constraint-layout:1.1.3] AndroidManifest.xml:9:5-20
MERGED from [com.android.support.constraint:constraint-layout:1.1.3] AndroidManifest.xml:9:5-20
MERGED from [com.android.support:cardview-v7:26.0.1] AndroidManifest.xml:22:5-26:19
MERGED from [com.android.support:cardview-v7:26.0.1] AndroidManifest.xml:22:5-26:19
MERGED from [com.getbase:floatingactionbutton:1.9.0] AndroidManifest.xml:12:5-20
MERGED from [com.getbase:floatingactionbutton:1.9.0] AndroidManifest.xml:12:5-20
MERGED from [com.android.support:transition:26.0.1] AndroidManifest.xml:22:5-26:19
MERGED from [com.android.support:transition:26.0.1] AndroidManifest.xml:22:5-26:19
MERGED from [com.android.support:support-v4:26.0.1] AndroidManifest.xml:25:5-29:19
MERGED from [com.android.support:support-v4:26.0.1] AndroidManifest.xml:25:5-29:19
MERGED from [com.android.support:support-media-compat:26.0.1] AndroidManifest.xml:25:5-29:19
MERGED from [com.android.support:support-media-compat:26.0.1] AndroidManifest.xml:25:5-29:19
MERGED from [com.android.support:support-fragment:26.0.1] AndroidManifest.xml:25:5-29:19
MERGED from [com.android.support:support-fragment:26.0.1] AndroidManifest.xml:25:5-29:19
MERGED from [com.android.support:support-core-utils:26.0.1] AndroidManifest.xml:25:5-29:19
MERGED from [com.android.support:support-core-utils:26.0.1] AndroidManifest.xml:25:5-29:19
MERGED from [com.timehop.stickyheadersrecyclerview:library:0.4.1] AndroidManifest.xml:12:5-20
MERGED from [com.timehop.stickyheadersrecyclerview:library:0.4.1] AndroidManifest.xml:12:5-20
MERGED from [com.android.support:recyclerview-v7:26.0.1] AndroidManifest.xml:22:5-26:19
MERGED from [com.android.support:recyclerview-v7:26.0.1] AndroidManifest.xml:22:5-26:19
MERGED from [com.android.support:animated-vector-drawable:26.0.1] AndroidManifest.xml:22:5-26:19
MERGED from [com.android.support:animated-vector-drawable:26.0.1] AndroidManifest.xml:22:5-26:19
MERGED from [com.android.support:support-core-ui:26.0.1] AndroidManifest.xml:25:5-29:19
MERGED from [com.android.support:support-core-ui:26.0.1] AndroidManifest.xml:25:5-29:19
MERGED from [com.android.support:support-vector-drawable:26.0.1] AndroidManifest.xml:22:5-26:19
MERGED from [com.android.support:support-vector-drawable:26.0.1] AndroidManifest.xml:22:5-26:19
MERGED from [com.android.support:support-compat:26.0.1] AndroidManifest.xml:25:5-29:19
MERGED from [com.android.support:support-compat:26.0.1] AndroidManifest.xml:25:5-29:19
	android:supportsRtl
		ADDED from src\main\AndroidManifest.xml:10:9-35
	android:label
		ADDED from src\main\AndroidManifest.xml:8:9-41
	android:roundIcon
		ADDED from src\main\AndroidManifest.xml:9:9-54
	android:icon
		ADDED from src\main\AndroidManifest.xml:7:9-43
	android:allowBackup
		ADDED from src\main\AndroidManifest.xml:6:9-35
	android:theme
		ADDED from src\main\AndroidManifest.xml:11:9-40
	android:name
		ADDED from src\main\AndroidManifest.xml:12:9-40
activity#com.example.photoshopassistant.MainActivity
ADDED from src\main\AndroidManifest.xml:13:9-19:20
	android:name
		ADDED from src\main\AndroidManifest.xml:13:19-47
intent-filter#action:name:android.intent.action.MAIN+category:name:android.intent.category.LAUNCHER
ADDED from src\main\AndroidManifest.xml:14:13-18:29
action#android.intent.action.MAIN
ADDED from src\main\AndroidManifest.xml:15:17-69
	android:name
		ADDED from src\main\AndroidManifest.xml:15:25-66
category#android.intent.category.LAUNCHER
ADDED from src\main\AndroidManifest.xml:17:17-77
	android:name
		ADDED from src\main\AndroidManifest.xml:17:27-74
uses-sdk
INJECTED from src\main\AndroidManifest.xml reason: use-sdk injection requested
INJECTED from src\main\AndroidManifest.xml
INJECTED from src\main\AndroidManifest.xml
MERGED from [com.adobe.creativesdk.foundation:assetux:0.9.2006-5] AndroidManifest.xml:7:5-9:41
MERGED from [com.adobe.creativesdk.foundation:assetux:0.9.2006-5] AndroidManifest.xml:7:5-9:41
MERGED from [com.adobe.creativesdk.foundation:assetcore:0.9.2006-5] AndroidManifest.xml:10:5-12:41
MERGED from [com.adobe.creativesdk.foundation:assetcore:0.9.2006-5] AndroidManifest.xml:10:5-12:41
MERGED from [com.adobe.creativesdk.foundation:auth:0.9.2006-5] AndroidManifest.xml:7:5-9:41
MERGED from [com.adobe.creativesdk.foundation:auth:0.9.2006-5] AndroidManifest.xml:7:5-9:41
MERGED from [com.android.support:design:26.0.1] AndroidManifest.xml:21:5-23:62
MERGED from [com.android.support:design:26.0.1] AndroidManifest.xml:21:5-23:62
MERGED from [uk.co.chrisjenx:calligraphy:2.1.0] AndroidManifest.xml:7:5-9:41
MERGED from [uk.co.chrisjenx:calligraphy:2.1.0] AndroidManifest.xml:7:5-9:41
MERGED from [com.android.support:appcompat-v7:26.0.1] AndroidManifest.xml:21:5-23:78
MERGED from [com.android.support:appcompat-v7:26.0.1] AndroidManifest.xml:21:5-23:78
MERGED from [com.android.support.constraint:constraint-layout:1.1.3] AndroidManifest.xml:5:5-7:41
MERGED from [com.android.support.constraint:constraint-layout:1.1.3] AndroidManifest.xml:5:5-7:41
MERGED from [com.android.support:cardview-v7:26.0.1] AndroidManifest.xml:20:5-44
MERGED from [com.android.support:cardview-v7:26.0.1] AndroidManifest.xml:20:5-44
MERGED from [com.getbase:floatingactionbutton:1.9.0] AndroidManifest.xml:8:5-10:41
MERGED from [com.getbase:floatingactionbutton:1.9.0] AndroidManifest.xml:8:5-10:41
MERGED from [com.android.support:transition:26.0.1] AndroidManifest.xml:20:5-44
MERGED from [com.android.support:transition:26.0.1] AndroidManifest.xml:20:5-44
MERGED from [com.birbit:android-priority-jobqueue:2.0.1] AndroidManifest.xml:8:5-11:155
MERGED from [com.birbit:android-priority-jobqueue:2.0.1] AndroidManifest.xml:8:5-11:155
MERGED from [com.android.support:support-v4:26.0.1] AndroidManifest.xml:21:5-23:54
MERGED from [com.android.support:support-v4:26.0.1] AndroidManifest.xml:21:5-23:54
MERGED from [com.android.support:support-media-compat:26.0.1] AndroidManifest.xml:21:5-23:63
MERGED from [com.android.support:support-media-compat:26.0.1] AndroidManifest.xml:21:5-23:63
MERGED from [com.android.support:support-fragment:26.0.1] AndroidManifest.xml:21:5-23:60
MERGED from [com.android.support:support-fragment:26.0.1] AndroidManifest.xml:21:5-23:60
MERGED from [com.android.support:support-core-utils:26.0.1] AndroidManifest.xml:21:5-23:61
MERGED from [com.android.support:support-core-utils:26.0.1] AndroidManifest.xml:21:5-23:61
MERGED from [com.timehop.stickyheadersrecyclerview:library:0.4.1] AndroidManifest.xml:8:5-10:41
MERGED from [com.timehop.stickyheadersrecyclerview:library:0.4.1] AndroidManifest.xml:8:5-10:41
MERGED from [com.android.support:recyclerview-v7:26.0.1] AndroidManifest.xml:20:5-44
MERGED from [com.android.support:recyclerview-v7:26.0.1] AndroidManifest.xml:20:5-44
MERGED from [com.android.support:animated-vector-drawable:26.0.1] AndroidManifest.xml:20:5-44
MERGED from [com.android.support:animated-vector-drawable:26.0.1] AndroidManifest.xml:20:5-44
MERGED from [com.android.support:support-core-ui:26.0.1] AndroidManifest.xml:21:5-23:58
MERGED from [com.android.support:support-core-ui:26.0.1] AndroidManifest.xml:21:5-23:58
MERGED from [com.android.support:support-vector-drawable:26.0.1] AndroidManifest.xml:20:5-44
MERGED from [com.android.support:support-vector-drawable:26.0.1] AndroidManifest.xml:20:5-44
MERGED from [com.android.support:support-compat:26.0.1] AndroidManifest.xml:21:5-23:58
MERGED from [com.android.support:support-compat:26.0.1] AndroidManifest.xml:21:5-23:58
INJECTED from src\main\AndroidManifest.xml
INJECTED from src\main\AndroidManifest.xml
	tools:overrideLibrary
		ADDED from [com.android.support:design:26.0.1] AndroidManifest.xml:23:9-59
	android:targetSdkVersion
		INJECTED from src\main\AndroidManifest.xml
		ADDED from src\main\AndroidManifest.xml
		INJECTED from src\main\AndroidManifest.xml
	android:minSdkVersion
		INJECTED from src\main\AndroidManifest.xml
		ADDED from src\main\AndroidManifest.xml
		INJECTED from src\main\AndroidManifest.xml
uses-permission#android.permission.INTERNET
ADDED from [com.adobe.creativesdk.foundation:assetux:0.9.2006-5] AndroidManifest.xml:11:5-67
MERGED from [com.adobe.creativesdk.foundation:assetcore:0.9.2006-5] AndroidManifest.xml:14:5-67
MERGED from [com.adobe.creativesdk.foundation:assetcore:0.9.2006-5] AndroidManifest.xml:14:5-67
MERGED from [com.adobe.creativesdk.foundation:auth:0.9.2006-5] AndroidManifest.xml:11:5-67
MERGED from [com.adobe.creativesdk.foundation:auth:0.9.2006-5] AndroidManifest.xml:11:5-67
MERGED from [com.birbit:android-priority-jobqueue:2.0.1] AndroidManifest.xml:13:5-67
MERGED from [com.birbit:android-priority-jobqueue:2.0.1] AndroidManifest.xml:13:5-67
	android:name
		ADDED from [com.adobe.creativesdk.foundation:assetux:0.9.2006-5] AndroidManifest.xml:11:22-64
uses-permission#android.permission.ACCESS_NETWORK_STATE
ADDED from [com.adobe.creativesdk.foundation:assetux:0.9.2006-5] AndroidManifest.xml:12:5-79
MERGED from [com.adobe.creativesdk.foundation:assetcore:0.9.2006-5] AndroidManifest.xml:15:5-79
MERGED from [com.adobe.creativesdk.foundation:assetcore:0.9.2006-5] AndroidManifest.xml:15:5-79
MERGED from [com.adobe.creativesdk.foundation:auth:0.9.2006-5] AndroidManifest.xml:12:5-79
MERGED from [com.adobe.creativesdk.foundation:auth:0.9.2006-5] AndroidManifest.xml:12:5-79
MERGED from [com.birbit:android-priority-jobqueue:2.0.1] AndroidManifest.xml:14:5-79
MERGED from [com.birbit:android-priority-jobqueue:2.0.1] AndroidManifest.xml:14:5-79
	android:name
		ADDED from [com.adobe.creativesdk.foundation:assetux:0.9.2006-5] AndroidManifest.xml:12:22-76
activity#com.adobe.creativesdk.foundation.internal.storage.controllers.AdobeUXAssetOneUpViewerActivity
ADDED from [com.adobe.creativesdk.foundation:assetux:0.9.2006-5] AndroidManifest.xml:19:9-23:65
	android:exported
		ADDED from [com.adobe.creativesdk.foundation:assetux:0.9.2006-5] AndroidManifest.xml:22:13-37
	android:configChanges
		ADDED from [com.adobe.creativesdk.foundation:assetux:0.9.2006-5] AndroidManifest.xml:21:13-91
	android:theme
		ADDED from [com.adobe.creativesdk.foundation:assetux:0.9.2006-5] AndroidManifest.xml:23:13-62
	android:name
		ADDED from [com.adobe.creativesdk.foundation:assetux:0.9.2006-5] AndroidManifest.xml:20:13-121
activity#com.adobe.creativesdk.foundation.internal.storage.controllers.AdobeUXPhotoAssetOneUpViewerActivity
ADDED from [com.adobe.creativesdk.foundation:assetux:0.9.2006-5] AndroidManifest.xml:24:9-28:65
	android:exported
		ADDED from [com.adobe.creativesdk.foundation:assetux:0.9.2006-5] AndroidManifest.xml:27:13-37
	android:configChanges
		ADDED from [com.adobe.creativesdk.foundation:assetux:0.9.2006-5] AndroidManifest.xml:26:13-59
	android:theme
		ADDED from [com.adobe.creativesdk.foundation:assetux:0.9.2006-5] AndroidManifest.xml:28:13-62
	android:name
		ADDED from [com.adobe.creativesdk.foundation:assetux:0.9.2006-5] AndroidManifest.xml:25:13-126
activity#com.adobe.creativesdk.foundation.internal.storage.controllers.AdobeUxAssetBrowserV2Activity
ADDED from [com.adobe.creativesdk.foundation:assetux:0.9.2006-5] AndroidManifest.xml:29:9-33:61
	android:exported
		ADDED from [com.adobe.creativesdk.foundation:assetux:0.9.2006-5] AndroidManifest.xml:32:13-37
	android:configChanges
		ADDED from [com.adobe.creativesdk.foundation:assetux:0.9.2006-5] AndroidManifest.xml:31:13-59
	android:theme
		ADDED from [com.adobe.creativesdk.foundation:assetux:0.9.2006-5] AndroidManifest.xml:33:13-58
	android:name
		ADDED from [com.adobe.creativesdk.foundation:assetux:0.9.2006-5] AndroidManifest.xml:30:13-119
activity#com.adobe.creativesdk.foundation.internal.storage.controllers.AdobeUXAssetVideoActivity
ADDED from [com.adobe.creativesdk.foundation:assetux:0.9.2006-5] AndroidManifest.xml:34:9-39:20
	android:exported
		ADDED from [com.adobe.creativesdk.foundation:assetux:0.9.2006-5] AndroidManifest.xml:37:13-37
	android:configChanges
		ADDED from [com.adobe.creativesdk.foundation:assetux:0.9.2006-5] AndroidManifest.xml:36:13-59
	android:theme
		ADDED from [com.adobe.creativesdk.foundation:assetux:0.9.2006-5] AndroidManifest.xml:38:13-62
	android:name
		ADDED from [com.adobe.creativesdk.foundation:assetux:0.9.2006-5] AndroidManifest.xml:35:13-115
activity#com.adobe.creativesdk.foundation.internal.storage.controllers.AdobeUXLibraryItemCollectionOneUpViewerActivity
ADDED from [com.adobe.creativesdk.foundation:assetux:0.9.2006-5] AndroidManifest.xml:40:9-45:20
	android:exported
		ADDED from [com.adobe.creativesdk.foundation:assetux:0.9.2006-5] AndroidManifest.xml:43:13-37
	android:configChanges
		ADDED from [com.adobe.creativesdk.foundation:assetux:0.9.2006-5] AndroidManifest.xml:42:13-59
	android:theme
		ADDED from [com.adobe.creativesdk.foundation:assetux:0.9.2006-5] AndroidManifest.xml:44:13-62
	android:name
		ADDED from [com.adobe.creativesdk.foundation:assetux:0.9.2006-5] AndroidManifest.xml:41:13-137
activity#com.adobe.creativesdk.foundation.internal.storage.controllers.AdobeUXMobilePackageItemOneUpViewerActivity
ADDED from [com.adobe.creativesdk.foundation:assetux:0.9.2006-5] AndroidManifest.xml:46:9-51:20
	android:exported
		ADDED from [com.adobe.creativesdk.foundation:assetux:0.9.2006-5] AndroidManifest.xml:49:13-37
	android:configChanges
		ADDED from [com.adobe.creativesdk.foundation:assetux:0.9.2006-5] AndroidManifest.xml:48:13-59
	android:theme
		ADDED from [com.adobe.creativesdk.foundation:assetux:0.9.2006-5] AndroidManifest.xml:50:13-62
	android:name
		ADDED from [com.adobe.creativesdk.foundation:assetux:0.9.2006-5] AndroidManifest.xml:47:13-133
activity#com.adobe.creativesdk.foundation.internal.storage.controllers.AdobeUXCompositionOneUpViewerActivity
ADDED from [com.adobe.creativesdk.foundation:assetux:0.9.2006-5] AndroidManifest.xml:52:9-57:20
	android:exported
		ADDED from [com.adobe.creativesdk.foundation:assetux:0.9.2006-5] AndroidManifest.xml:55:13-37
	android:configChanges
		ADDED from [com.adobe.creativesdk.foundation:assetux:0.9.2006-5] AndroidManifest.xml:54:13-59
	android:theme
		ADDED from [com.adobe.creativesdk.foundation:assetux:0.9.2006-5] AndroidManifest.xml:56:13-62
	android:name
		ADDED from [com.adobe.creativesdk.foundation:assetux:0.9.2006-5] AndroidManifest.xml:53:13-127
activity#com.adobe.creativesdk.foundation.internal.storage.controllers.edit.AdobeAssetEditActivity
ADDED from [com.adobe.creativesdk.foundation:assetux:0.9.2006-5] AndroidManifest.xml:58:9-63:20
	android:exported
		ADDED from [com.adobe.creativesdk.foundation:assetux:0.9.2006-5] AndroidManifest.xml:61:13-37
	android:configChanges
		ADDED from [com.adobe.creativesdk.foundation:assetux:0.9.2006-5] AndroidManifest.xml:60:13-91
	android:theme
		ADDED from [com.adobe.creativesdk.foundation:assetux:0.9.2006-5] AndroidManifest.xml:62:13-58
	android:name
		ADDED from [com.adobe.creativesdk.foundation:assetux:0.9.2006-5] AndroidManifest.xml:59:13-117
activity#com.adobe.creativesdk.foundation.internal.storage.controllers.libraryedit.AdobeDesignLibraryMoveActivity
ADDED from [com.adobe.creativesdk.foundation:assetux:0.9.2006-5] AndroidManifest.xml:64:9-69:20
	android:exported
		ADDED from [com.adobe.creativesdk.foundation:assetux:0.9.2006-5] AndroidManifest.xml:67:13-37
	android:configChanges
		ADDED from [com.adobe.creativesdk.foundation:assetux:0.9.2006-5] AndroidManifest.xml:66:13-59
	android:theme
		ADDED from [com.adobe.creativesdk.foundation:assetux:0.9.2006-5] AndroidManifest.xml:68:13-58
	android:name
		ADDED from [com.adobe.creativesdk.foundation:assetux:0.9.2006-5] AndroidManifest.xml:65:13-132
activity#com.adobe.creativesdk.foundation.internal.settings.CloudPickerActivity
ADDED from [com.adobe.creativesdk.foundation:assetux:0.9.2006-5] AndroidManifest.xml:70:9-75:20
	android:exported
		ADDED from [com.adobe.creativesdk.foundation:assetux:0.9.2006-5] AndroidManifest.xml:73:13-37
	android:configChanges
		ADDED from [com.adobe.creativesdk.foundation:assetux:0.9.2006-5] AndroidManifest.xml:72:13-59
	android:theme
		ADDED from [com.adobe.creativesdk.foundation:assetux:0.9.2006-5] AndroidManifest.xml:74:13-70
	android:name
		ADDED from [com.adobe.creativesdk.foundation:assetux:0.9.2006-5] AndroidManifest.xml:71:13-98
activity#com.adobe.creativesdk.foundation.internal.storage.controllers.AdobeShowUploadTasksActivity
ADDED from [com.adobe.creativesdk.foundation:assetux:0.9.2006-5] AndroidManifest.xml:76:9-82:20
	android:exported
		ADDED from [com.adobe.creativesdk.foundation:assetux:0.9.2006-5] AndroidManifest.xml:79:13-37
	android:resizeableActivity
		ADDED from [com.adobe.creativesdk.foundation:assetux:0.9.2006-5] AndroidManifest.xml:80:13-46
	android:configChanges
		ADDED from [com.adobe.creativesdk.foundation:assetux:0.9.2006-5] AndroidManifest.xml:78:13-91
	android:theme
		ADDED from [com.adobe.creativesdk.foundation:assetux:0.9.2006-5] AndroidManifest.xml:81:13-62
	android:name
		ADDED from [com.adobe.creativesdk.foundation:assetux:0.9.2006-5] AndroidManifest.xml:77:13-118
activity#com.adobe.creativesdk.foundation.internal.auth.AdobeAuthSignInActivity
ADDED from [com.adobe.creativesdk.foundation:auth:0.9.2006-5] AndroidManifest.xml:22:9-28:83
	android:label
		ADDED from [com.adobe.creativesdk.foundation:auth:0.9.2006-5] AndroidManifest.xml:25:13-62
	android:multiprocess
		ADDED from [com.adobe.creativesdk.foundation:auth:0.9.2006-5] AndroidManifest.xml:26:13-40
	android:windowSoftInputMode
		ADDED from [com.adobe.creativesdk.foundation:auth:0.9.2006-5] AndroidManifest.xml:28:13-80
	android:exported
		ADDED from [com.adobe.creativesdk.foundation:auth:0.9.2006-5] AndroidManifest.xml:24:13-37
	android:theme
		ADDED from [com.adobe.creativesdk.foundation:auth:0.9.2006-5] AndroidManifest.xml:27:13-58
	android:name
		ADDED from [com.adobe.creativesdk.foundation:auth:0.9.2006-5] AndroidManifest.xml:23:13-98
activity#com.adobe.creativesdk.foundation.internal.auth.AdobeAuthContinuableEventActivity
ADDED from [com.adobe.creativesdk.foundation:auth:0.9.2006-5] AndroidManifest.xml:29:9-36:83
	android:label
		ADDED from [com.adobe.creativesdk.foundation:auth:0.9.2006-5] AndroidManifest.xml:32:13-62
	android:multiprocess
		ADDED from [com.adobe.creativesdk.foundation:auth:0.9.2006-5] AndroidManifest.xml:34:13-40
	android:launchMode
		ADDED from [com.adobe.creativesdk.foundation:auth:0.9.2006-5] AndroidManifest.xml:33:13-48
	android:windowSoftInputMode
		ADDED from [com.adobe.creativesdk.foundation:auth:0.9.2006-5] AndroidManifest.xml:36:13-80
	android:exported
		ADDED from [com.adobe.creativesdk.foundation:auth:0.9.2006-5] AndroidManifest.xml:31:13-37
	android:theme
		ADDED from [com.adobe.creativesdk.foundation:auth:0.9.2006-5] AndroidManifest.xml:35:13-58
	android:name
		ADDED from [com.adobe.creativesdk.foundation:auth:0.9.2006-5] AndroidManifest.xml:30:13-108
activity#com.adobe.creativesdk.foundation.internal.base.AdobeTOUHandlerActivity
ADDED from [com.adobe.creativesdk.foundation:auth:0.9.2006-5] AndroidManifest.xml:49:9-107
	android:name
		ADDED from [com.adobe.creativesdk.foundation:auth:0.9.2006-5] AndroidManifest.xml:49:19-104
meta-data#android.support.VERSION
ADDED from [com.android.support:design:26.0.1] AndroidManifest.xml:26:9-28:38
MERGED from [com.android.support:appcompat-v7:26.0.1] AndroidManifest.xml:26:9-28:38
MERGED from [com.android.support:appcompat-v7:26.0.1] AndroidManifest.xml:26:9-28:38
MERGED from [com.android.support:cardview-v7:26.0.1] AndroidManifest.xml:23:9-25:38
MERGED from [com.android.support:cardview-v7:26.0.1] AndroidManifest.xml:23:9-25:38
MERGED from [com.android.support:transition:26.0.1] AndroidManifest.xml:23:9-25:38
MERGED from [com.android.support:transition:26.0.1] AndroidManifest.xml:23:9-25:38
MERGED from [com.android.support:support-v4:26.0.1] AndroidManifest.xml:26:9-28:38
MERGED from [com.android.support:support-v4:26.0.1] AndroidManifest.xml:26:9-28:38
MERGED from [com.android.support:support-media-compat:26.0.1] AndroidManifest.xml:26:9-28:38
MERGED from [com.android.support:support-media-compat:26.0.1] AndroidManifest.xml:26:9-28:38
MERGED from [com.android.support:support-fragment:26.0.1] AndroidManifest.xml:26:9-28:38
MERGED from [com.android.support:support-fragment:26.0.1] AndroidManifest.xml:26:9-28:38
MERGED from [com.android.support:support-core-utils:26.0.1] AndroidManifest.xml:26:9-28:38
MERGED from [com.android.support:support-core-utils:26.0.1] AndroidManifest.xml:26:9-28:38
MERGED from [com.android.support:recyclerview-v7:26.0.1] AndroidManifest.xml:23:9-25:38
MERGED from [com.android.support:recyclerview-v7:26.0.1] AndroidManifest.xml:23:9-25:38
MERGED from [com.android.support:animated-vector-drawable:26.0.1] AndroidManifest.xml:23:9-25:38
MERGED from [com.android.support:animated-vector-drawable:26.0.1] AndroidManifest.xml:23:9-25:38
MERGED from [com.android.support:support-core-ui:26.0.1] AndroidManifest.xml:26:9-28:38
MERGED from [com.android.support:support-core-ui:26.0.1] AndroidManifest.xml:26:9-28:38
MERGED from [com.android.support:support-vector-drawable:26.0.1] AndroidManifest.xml:23:9-25:38
MERGED from [com.android.support:support-vector-drawable:26.0.1] AndroidManifest.xml:23:9-25:38
MERGED from [com.android.support:support-compat:26.0.1] AndroidManifest.xml:26:9-28:38
MERGED from [com.android.support:support-compat:26.0.1] AndroidManifest.xml:26:9-28:38
	android:value
		ADDED from [com.android.support:design:26.0.1] AndroidManifest.xml:28:13-35
	android:name
		ADDED from [com.android.support:design:26.0.1] AndroidManifest.xml:27:13-51